<?xml version="1.0" encoding="UTF-8"?>
<!-- Generated by org.testng.reporters.JUnitReportReporter -->
<testsuite hostname="LAPTOP-P7130GQF" failures="0" tests="1" name="login.TC_01_Test" time="1.575" errors="0" timestamp="2023-07-06T15:56:41 IST" skipped="0">
  <testcase classname="login.TC_01_Test" name="tc" time="1.575"/>
  <system-out/>
</testsuite> <!-- login.TC_01_Test -->
