<?xml version="1.0" encoding="UTF-8"?>
<!-- Generated by org.testng.reporters.JUnitReportReporter -->
<testsuite hostname="LAPTOP-P7130GQF" failures="0" tests="1" name="login.TC_01" time="2.494" errors="0" timestamp="2023-07-06T15:50:33 IST" skipped="0">
  <testcase classname="login.TC_01" name="tc" time="2.494"/>
  <system-out/>
</testsuite> <!-- login.TC_01 -->
